{"/home/petrica/shapes-redux/src/index.js": {"path":"/home/petrica/shapes-redux/src/index.js","statementMap":{"0":{"start":{"line":12,"column":2},"end":{"line":17,"column":4}},"1":{"start":{"line":20,"column":20},"end":{"line":20,"column":51}},"2":{"start":{"line":21,"column":0},"end":{"line":26,"column":2}}},"fnMap":{"0":{"name":"App","decl":{"start":{"line":11,"column":9},"end":{"line":11,"column":12}},"loc":{"start":{"line":11,"column":15},"end":{"line":18,"column":1}},"line":11}},"branchMap":{},"s":{"0":0,"1":0,"2":0},"f":{"0":0},"b":{},"hash":"044b4d7031136ee4e66d0ad64cd54665ed0f4a85"}
,"/home/petrica/shapes-redux/src/components/BodyArea.jsx": {"path":"/home/petrica/shapes-redux/src/components/BodyArea.jsx","statementMap":{"0":{"start":{"line":11,"column":4},"end":{"line":11,"column":31}},"1":{"start":{"line":15,"column":4},"end":{"line":30,"column":6}},"2":{"start":{"line":34,"column":24},"end":{"line":37,"column":2}},"3":{"start":{"line":34,"column":34},"end":{"line":37,"column":1}}},"fnMap":{"0":{"name":"(anonymous_0)","decl":{"start":{"line":10,"column":2},"end":{"line":10,"column":3}},"loc":{"start":{"line":10,"column":22},"end":{"line":12,"column":3}},"line":10},"1":{"name":"(anonymous_1)","decl":{"start":{"line":14,"column":2},"end":{"line":14,"column":3}},"loc":{"start":{"line":14,"column":11},"end":{"line":31,"column":3}},"line":14},"2":{"name":"(anonymous_2)","decl":{"start":{"line":34,"column":24},"end":{"line":34,"column":25}},"loc":{"start":{"line":34,"column":34},"end":{"line":37,"column":1}},"line":34}},"branchMap":{},"s":{"0":0,"1":0,"2":0,"3":0},"f":{"0":0,"1":0,"2":0},"b":{},"hash":"c5c541fda8ad2280c9809a9c860f935ba30cfa13"}
,"/home/petrica/shapes-redux/src/components/ColorFilters.jsx": {"path":"/home/petrica/shapes-redux/src/components/ColorFilters.jsx","statementMap":{"0":{"start":{"line":10,"column":21},"end":{"line":16,"column":1}},"1":{"start":{"line":11,"column":16},"end":{"line":13,"column":4}},"2":{"start":{"line":12,"column":4},"end":{"line":12,"column":79}},"3":{"start":{"line":15,"column":2},"end":{"line":15,"column":50}}},"fnMap":{"0":{"name":"(anonymous_0)","decl":{"start":{"line":10,"column":21},"end":{"line":10,"column":22}},"loc":{"start":{"line":10,"column":39},"end":{"line":16,"column":1}},"line":10},"1":{"name":"(anonymous_1)","decl":{"start":{"line":11,"column":33},"end":{"line":11,"column":34}},"loc":{"start":{"line":12,"column":4},"end":{"line":12,"column":79}},"line":12}},"branchMap":{},"s":{"0":0,"1":0,"2":0,"3":0},"f":{"0":0,"1":0},"b":{},"hash":"fad2255071e3071b2f7ebc1241ec3e23ed25575d"}
}
